
*** Running vivado
    with args -log adc_tech_adc_to_bram_0_0.vds -m64 -product Vivado -mode batch -messageDb vivado.pb -notrace -source adc_tech_adc_to_bram_0_0.tcl



****** Vivado v2020.2 (64-bit)
  **** SW Build 3064766 on Wed Nov 18 09:12:45 MST 2020
  **** IP Build 3064653 on Wed Nov 18 14:17:31 MST 2020
    ** Copyright 1986-2020 Xilinx, Inc. All Rights Reserved.

source adc_tech_adc_to_bram_0_0.tcl -notrace
Command: synth_design -top adc_tech_adc_to_bram_0_0 -part xczu7ev-ffvc1156-2-e -mode out_of_context
Starting synth_design
WARNING: [IP_Flow 19-3571] IP 'adc_tech_adc_to_bram_0_0' is restricted:
* Module reference is stale and needs refreshing.
Attempting to get a license for feature 'Synthesis' and/or device 'xczu7ev'
INFO: [Common 17-349] Got license for feature 'Synthesis' and/or device 'xczu7ev'
INFO: [Device 21-403] Loading part xczu7ev-ffvc1156-2-e
INFO: [Synth 8-7079] Multithreading enabled for synth_design using a maximum of 2 processes.
INFO: [Synth 8-7078] Launching helper process for spawning children vivado processes
INFO: [Synth 8-7075] Helper process launched with PID 37744
---------------------------------------------------------------------------------
Starting RTL Elaboration : Time (s): cpu = 00:00:02 ; elapsed = 00:00:03 . Memory (MB): peak = 1645.363 ; gain = 119.516
---------------------------------------------------------------------------------
INFO: [Synth 8-638] synthesizing module 'adc_tech_adc_to_bram_0_0' [c:/work/Technology/Vivado/MVT_ADC_TECH/adc_tech/adc_tech.gen/sources_1/bd/adc_tech/ip/adc_tech_adc_to_bram_0_0/synth/adc_tech_adc_to_bram_0_0.vhd:69]
INFO: [Synth 8-3491] module 'adc_to_bram' declared at 'C:/work/Technology/Vivado/MVT_ADC_TECH/adc_tech/adc_tech.srcs/sources_1/new/adc_to_bram.vhd:46' bound to instance 'U0' of component 'adc_to_bram' [c:/work/Technology/Vivado/MVT_ADC_TECH/adc_tech/adc_tech.gen/sources_1/bd/adc_tech/ip/adc_tech_adc_to_bram_0_0/synth/adc_tech_adc_to_bram_0_0.vhd:99]
INFO: [Synth 8-638] synthesizing module 'adc_to_bram' [C:/work/Technology/Vivado/MVT_ADC_TECH/adc_tech/adc_tech.srcs/sources_1/new/adc_to_bram.vhd:63]
INFO: [Synth 8-226] default block is never used [C:/work/Technology/Vivado/MVT_ADC_TECH/adc_tech/adc_tech.srcs/sources_1/new/adc_to_bram.vhd:115]
INFO: [Synth 8-256] done synthesizing module 'adc_to_bram' (1#1) [C:/work/Technology/Vivado/MVT_ADC_TECH/adc_tech/adc_tech.srcs/sources_1/new/adc_to_bram.vhd:63]
INFO: [Synth 8-256] done synthesizing module 'adc_tech_adc_to_bram_0_0' (2#1) [c:/work/Technology/Vivado/MVT_ADC_TECH/adc_tech/adc_tech.gen/sources_1/bd/adc_tech/ip/adc_tech_adc_to_bram_0_0/synth/adc_tech_adc_to_bram_0_0.vhd:69]
---------------------------------------------------------------------------------
Finished RTL Elaboration : Time (s): cpu = 00:00:03 ; elapsed = 00:00:03 . Memory (MB): peak = 1698.848 ; gain = 173.000
---------------------------------------------------------------------------------
---------------------------------------------------------------------------------
Start Handling Custom Attributes
---------------------------------------------------------------------------------
---------------------------------------------------------------------------------
Finished Handling Custom Attributes : Time (s): cpu = 00:00:03 ; elapsed = 00:00:04 . Memory (MB): peak = 1716.777 ; gain = 190.930
---------------------------------------------------------------------------------
---------------------------------------------------------------------------------
Finished RTL Optimization Phase 1 : Time (s): cpu = 00:00:03 ; elapsed = 00:00:04 . Memory (MB): peak = 1716.777 ; gain = 190.930
---------------------------------------------------------------------------------
Netlist sorting complete. Time (s): cpu = 00:00:00 ; elapsed = 00:00:00.002 . Memory (MB): peak = 1716.777 ; gain = 0.000
INFO: [Project 1-570] Preparing netlist for logic optimization

Processing XDC Constraints
Initializing timing engine
Completed Processing XDC Constraints

Netlist sorting complete. Time (s): cpu = 00:00:00 ; elapsed = 00:00:00 . Memory (MB): peak = 1814.789 ; gain = 0.000
INFO: [Project 1-111] Unisim Transformation Summary:
No Unisim elements were transformed.

Constraint Validation Runtime : Time (s): cpu = 00:00:00 ; elapsed = 00:00:00.012 . Memory (MB): peak = 1834.621 ; gain = 19.832
---------------------------------------------------------------------------------
Finished Constraint Validation : Time (s): cpu = 00:00:07 ; elapsed = 00:00:08 . Memory (MB): peak = 1834.621 ; gain = 308.773
---------------------------------------------------------------------------------
---------------------------------------------------------------------------------
Start Loading Part and Timing Information
---------------------------------------------------------------------------------
Loading part: xczu7ev-ffvc1156-2-e
INFO: [Synth 8-6742] Reading net delay rules and data
---------------------------------------------------------------------------------
Finished Loading Part and Timing Information : Time (s): cpu = 00:00:07 ; elapsed = 00:00:08 . Memory (MB): peak = 1834.621 ; gain = 308.773
---------------------------------------------------------------------------------
---------------------------------------------------------------------------------
Start Applying 'set_property' XDC Constraints
---------------------------------------------------------------------------------
---------------------------------------------------------------------------------
Finished applying 'set_property' XDC Constraints : Time (s): cpu = 00:00:07 ; elapsed = 00:00:08 . Memory (MB): peak = 1834.621 ; gain = 308.773
---------------------------------------------------------------------------------
---------------------------------------------------------------------------------
Finished RTL Optimization Phase 2 : Time (s): cpu = 00:00:07 ; elapsed = 00:00:08 . Memory (MB): peak = 1834.621 ; gain = 308.773
---------------------------------------------------------------------------------
---------------------------------------------------------------------------------
Start RTL Component Statistics 
---------------------------------------------------------------------------------
Detailed RTL Component Info : 
+---Adders : 
	   2 Input    8 Bit       Adders := 1     
	   2 Input    4 Bit       Adders := 1     
+---Registers : 
	               32 Bit    Registers := 7     
	               16 Bit    Registers := 1     
	                4 Bit    Registers := 1     
	                2 Bit    Registers := 1     
	                1 Bit    Registers := 6     
+---Muxes : 
	   2 Input   32 Bit        Muxes := 1     
	   2 Input    4 Bit        Muxes := 2     
	   5 Input    2 Bit        Muxes := 1     
	   4 Input    1 Bit        Muxes := 3     
	   2 Input    1 Bit        Muxes := 3     
---------------------------------------------------------------------------------
Finished RTL Component Statistics 
---------------------------------------------------------------------------------
---------------------------------------------------------------------------------
Start Part Resource Summary
---------------------------------------------------------------------------------
Part Resources:
DSPs: 1728 (col length:144)
BRAMs: 624 (col length: RAMB18 144 RAMB36 72)
---------------------------------------------------------------------------------
Finished Part Resource Summary
---------------------------------------------------------------------------------
---------------------------------------------------------------------------------
Start Cross Boundary and Area Optimization
---------------------------------------------------------------------------------
---------------------------------------------------------------------------------
Finished Cross Boundary and Area Optimization : Time (s): cpu = 00:00:07 ; elapsed = 00:00:08 . Memory (MB): peak = 1834.621 ; gain = 308.773
---------------------------------------------------------------------------------
---------------------------------------------------------------------------------
Start Applying XDC Timing Constraints
---------------------------------------------------------------------------------
---------------------------------------------------------------------------------
Finished Applying XDC Timing Constraints : Time (s): cpu = 00:00:16 ; elapsed = 00:00:18 . Memory (MB): peak = 2371.477 ; gain = 845.629
---------------------------------------------------------------------------------
---------------------------------------------------------------------------------
Start Timing Optimization
---------------------------------------------------------------------------------
---------------------------------------------------------------------------------
Finished Timing Optimization : Time (s): cpu = 00:00:16 ; elapsed = 00:00:18 . Memory (MB): peak = 2371.477 ; gain = 845.629
---------------------------------------------------------------------------------
---------------------------------------------------------------------------------
Start Technology Mapping
---------------------------------------------------------------------------------
---------------------------------------------------------------------------------
Finished Technology Mapping : Time (s): cpu = 00:00:16 ; elapsed = 00:00:18 . Memory (MB): peak = 2390.586 ; gain = 864.738
---------------------------------------------------------------------------------
---------------------------------------------------------------------------------
Start IO Insertion
---------------------------------------------------------------------------------
---------------------------------------------------------------------------------
Start Flattening Before IO Insertion
---------------------------------------------------------------------------------
---------------------------------------------------------------------------------
Finished Flattening Before IO Insertion
---------------------------------------------------------------------------------
---------------------------------------------------------------------------------
Start Final Netlist Cleanup
---------------------------------------------------------------------------------
---------------------------------------------------------------------------------
Finished Final Netlist Cleanup
---------------------------------------------------------------------------------
---------------------------------------------------------------------------------
Finished IO Insertion : Time (s): cpu = 00:00:17 ; elapsed = 00:00:20 . Memory (MB): peak = 2397.395 ; gain = 871.547
---------------------------------------------------------------------------------
---------------------------------------------------------------------------------
Start Renaming Generated Instances
---------------------------------------------------------------------------------
---------------------------------------------------------------------------------
Finished Renaming Generated Instances : Time (s): cpu = 00:00:17 ; elapsed = 00:00:20 . Memory (MB): peak = 2397.395 ; gain = 871.547
---------------------------------------------------------------------------------
---------------------------------------------------------------------------------
Start Rebuilding User Hierarchy
---------------------------------------------------------------------------------
---------------------------------------------------------------------------------
Finished Rebuilding User Hierarchy : Time (s): cpu = 00:00:17 ; elapsed = 00:00:20 . Memory (MB): peak = 2397.395 ; gain = 871.547
---------------------------------------------------------------------------------
---------------------------------------------------------------------------------
Start Renaming Generated Ports
---------------------------------------------------------------------------------
---------------------------------------------------------------------------------
Finished Renaming Generated Ports : Time (s): cpu = 00:00:17 ; elapsed = 00:00:20 . Memory (MB): peak = 2397.395 ; gain = 871.547
---------------------------------------------------------------------------------
---------------------------------------------------------------------------------
Start Handling Custom Attributes
---------------------------------------------------------------------------------
---------------------------------------------------------------------------------
Finished Handling Custom Attributes : Time (s): cpu = 00:00:17 ; elapsed = 00:00:20 . Memory (MB): peak = 2397.395 ; gain = 871.547
---------------------------------------------------------------------------------
---------------------------------------------------------------------------------
Start Renaming Generated Nets
---------------------------------------------------------------------------------
---------------------------------------------------------------------------------
Finished Renaming Generated Nets : Time (s): cpu = 00:00:17 ; elapsed = 00:00:20 . Memory (MB): peak = 2397.395 ; gain = 871.547
---------------------------------------------------------------------------------
---------------------------------------------------------------------------------
Start Writing Synthesis Report
---------------------------------------------------------------------------------

Report BlackBoxes: 
+-+--------------+----------+
| |BlackBox name |Instances |
+-+--------------+----------+
+-+--------------+----------+

Report Cell Usage: 
+------+-----+------+
|      |Cell |Count |
+------+-----+------+
|1     |LUT1 |     2|
|2     |LUT2 |     6|
|3     |LUT3 |     4|
|4     |LUT4 |     4|
|5     |LUT5 |    11|
|6     |LUT6 |     3|
|7     |FDCE |   132|
|8     |FDRE |     2|
+------+-----+------+
---------------------------------------------------------------------------------
Finished Writing Synthesis Report : Time (s): cpu = 00:00:17 ; elapsed = 00:00:20 . Memory (MB): peak = 2397.395 ; gain = 871.547
---------------------------------------------------------------------------------
Synthesis finished with 0 errors, 0 critical warnings and 0 warnings.
Synthesis Optimization Runtime : Time (s): cpu = 00:00:13 ; elapsed = 00:00:19 . Memory (MB): peak = 2397.395 ; gain = 753.703
Synthesis Optimization Complete : Time (s): cpu = 00:00:17 ; elapsed = 00:00:20 . Memory (MB): peak = 2397.395 ; gain = 871.547
INFO: [Project 1-571] Translating synthesized netlist
Netlist sorting complete. Time (s): cpu = 00:00:00 ; elapsed = 00:00:00.001 . Memory (MB): peak = 2409.477 ; gain = 0.000
INFO: [Project 1-570] Preparing netlist for logic optimization
INFO: [Opt 31-138] Pushed 0 inverter(s) to 0 load pin(s).
Netlist sorting complete. Time (s): cpu = 00:00:00 ; elapsed = 00:00:00 . Memory (MB): peak = 2438.270 ; gain = 0.000
INFO: [Project 1-111] Unisim Transformation Summary:
No Unisim elements were transformed.

INFO: [Common 17-83] Releasing license: Synthesis
19 Infos, 1 Warnings, 0 Critical Warnings and 0 Errors encountered.
synth_design completed successfully
synth_design: Time (s): cpu = 00:00:23 ; elapsed = 00:00:29 . Memory (MB): peak = 2438.270 ; gain = 1412.660
INFO: [Common 17-1381] The checkpoint 'C:/work/Technology/Vivado/MVT_ADC_TECH/adc_tech/adc_tech.runs/adc_tech_adc_to_bram_0_0_synth_1/adc_tech_adc_to_bram_0_0.dcp' has been generated.
WARNING: [Common 17-576] 'use_project_ipc' is deprecated. This option is deprecated and no longer used.
INFO: [Common 17-1381] The checkpoint 'C:/work/Technology/Vivado/MVT_ADC_TECH/adc_tech/adc_tech.runs/adc_tech_adc_to_bram_0_0_synth_1/adc_tech_adc_to_bram_0_0.dcp' has been generated.
INFO: [runtcl-4] Executing : report_utilization -file adc_tech_adc_to_bram_0_0_utilization_synth.rpt -pb adc_tech_adc_to_bram_0_0_utilization_synth.pb
INFO: [Common 17-206] Exiting Vivado at Wed Oct 22 10:23:16 2025...
