
*** Running vivado
    with args -log adc_tech_util_ds_buf_0_2.vds -m64 -product Vivado -mode batch -messageDb vivado.pb -notrace -source adc_tech_util_ds_buf_0_2.tcl



****** Vivado v2020.2 (64-bit)
  **** SW Build 3064766 on Wed Nov 18 09:12:45 MST 2020
  **** IP Build 3064653 on Wed Nov 18 14:17:31 MST 2020
    ** Copyright 1986-2020 Xilinx, Inc. All Rights Reserved.

source adc_tech_util_ds_buf_0_2.tcl -notrace
Command: synth_design -top adc_tech_util_ds_buf_0_2 -part xczu7ev-ffvc1156-2-e -mode out_of_context
Starting synth_design
Attempting to get a license for feature 'Synthesis' and/or device 'xczu7ev'
INFO: [Common 17-349] Got license for feature 'Synthesis' and/or device 'xczu7ev'
INFO: [Device 21-403] Loading part xczu7ev-ffvc1156-2-e
INFO: [Synth 8-7079] Multithreading enabled for synth_design using a maximum of 2 processes.
INFO: [Synth 8-7078] Launching helper process for spawning children vivado processes
INFO: [Synth 8-7075] Helper process launched with PID 119512
---------------------------------------------------------------------------------
Starting RTL Elaboration : Time (s): cpu = 00:00:03 ; elapsed = 00:00:09 . Memory (MB): peak = 1643.742 ; gain = 118.621
---------------------------------------------------------------------------------
INFO: [Synth 8-638] synthesizing module 'adc_tech_util_ds_buf_0_2' [c:/work/Technology/Vivado/MVT_ADC_TECH/adc_tech/adc_tech.gen/sources_1/bd/adc_tech/ip/adc_tech_util_ds_buf_0_2/synth/adc_tech_util_ds_buf_0_2.vhd:64]
	Parameter C_BUF_TYPE bound to: IBUFDS - type: string 
	Parameter C_SIZE bound to: 1 - type: integer 
	Parameter C_BUFGCE_DIV bound to: 1 - type: integer 
	Parameter C_BUFG_GT_SYNC bound to: 0 - type: integer 
	Parameter C_SIM_DEVICE bound to: VERSAL_AI_CORE_ES1 - type: string 
	Parameter C_OBUFDS_GTE5_ADV bound to: 2'b00 
	Parameter C_REFCLK_ICNTL_TX bound to: 5'b00000 
INFO: [Synth 8-3491] module 'util_ds_buf' declared at 'c:/work/Technology/Vivado/MVT_ADC_TECH/adc_tech/adc_tech.gen/sources_1/bd/adc_tech/ip/adc_tech_util_ds_buf_0_2/util_ds_buf.vhd:72' bound to instance 'U0' of component 'util_ds_buf' [c:/work/Technology/Vivado/MVT_ADC_TECH/adc_tech/adc_tech.gen/sources_1/bd/adc_tech/ip/adc_tech_util_ds_buf_0_2/synth/adc_tech_util_ds_buf_0_2.vhd:184]
INFO: [Synth 8-638] synthesizing module 'util_ds_buf' [c:/work/Technology/Vivado/MVT_ADC_TECH/adc_tech/adc_tech.gen/sources_1/bd/adc_tech/ip/adc_tech_util_ds_buf_0_2/util_ds_buf.vhd:226]
	Parameter C_BUF_TYPE bound to: IBUFDS - type: string 
	Parameter C_SIZE bound to: 1 - type: integer 
	Parameter C_BUFGCE_DIV bound to: 1 - type: integer 
	Parameter C_BUFG_GT_SYNC bound to: 0 - type: integer 
	Parameter C_SIM_DEVICE bound to: VERSAL_AI_CORE_ES1 - type: string 
	Parameter C_OBUFDS_GTE5_ADV bound to: 2'b00 
	Parameter C_REFCLK_ICNTL_TX bound to: 5'b00000 
	Parameter CAPACITANCE bound to: DONT_CARE - type: string 
	Parameter DIFF_TERM bound to: 0 - type: bool 
	Parameter DQS_BIAS bound to: FALSE - type: string 
	Parameter IBUF_DELAY_VALUE bound to: 0 - type: string 
	Parameter IBUF_LOW_PWR bound to: 1 - type: bool 
	Parameter IFD_DELAY_VALUE bound to: AUTO - type: string 
	Parameter IOSTANDARD bound to: DEFAULT - type: string 
INFO: [Synth 8-113] binding component instance 'IBUFDS_I' to cell 'IBUFDS' [c:/work/Technology/Vivado/MVT_ADC_TECH/adc_tech/adc_tech.gen/sources_1/bd/adc_tech/ip/adc_tech_util_ds_buf_0_2/util_ds_buf.vhd:337]
INFO: [Synth 8-256] done synthesizing module 'util_ds_buf' (1#1) [c:/work/Technology/Vivado/MVT_ADC_TECH/adc_tech/adc_tech.gen/sources_1/bd/adc_tech/ip/adc_tech_util_ds_buf_0_2/util_ds_buf.vhd:226]
INFO: [Synth 8-256] done synthesizing module 'adc_tech_util_ds_buf_0_2' (2#1) [c:/work/Technology/Vivado/MVT_ADC_TECH/adc_tech/adc_tech.gen/sources_1/bd/adc_tech/ip/adc_tech_util_ds_buf_0_2/synth/adc_tech_util_ds_buf_0_2.vhd:64]
---------------------------------------------------------------------------------
Finished RTL Elaboration : Time (s): cpu = 00:00:04 ; elapsed = 00:00:11 . Memory (MB): peak = 1697.562 ; gain = 172.441
---------------------------------------------------------------------------------
---------------------------------------------------------------------------------
Start Handling Custom Attributes
---------------------------------------------------------------------------------
---------------------------------------------------------------------------------
Finished Handling Custom Attributes : Time (s): cpu = 00:00:04 ; elapsed = 00:00:11 . Memory (MB): peak = 1715.480 ; gain = 190.359
---------------------------------------------------------------------------------
---------------------------------------------------------------------------------
Finished RTL Optimization Phase 1 : Time (s): cpu = 00:00:04 ; elapsed = 00:00:11 . Memory (MB): peak = 1715.480 ; gain = 190.359
---------------------------------------------------------------------------------
Netlist sorting complete. Time (s): cpu = 00:00:00 ; elapsed = 00:00:00.001 . Memory (MB): peak = 1727.523 ; gain = 0.000
INFO: [Netlist 29-17] Analyzing 1 Unisim elements for replacement
INFO: [Netlist 29-28] Unisim Transformation completed in 0 CPU seconds
INFO: [Project 1-570] Preparing netlist for logic optimization

Processing XDC Constraints
Initializing timing engine
Parsing XDC File [c:/work/Technology/Vivado/MVT_ADC_TECH/adc_tech/adc_tech.gen/sources_1/bd/adc_tech/ip/adc_tech_util_ds_buf_0_2/adc_tech_util_ds_buf_0_2_ooc.xdc] for cell 'U0'
Finished Parsing XDC File [c:/work/Technology/Vivado/MVT_ADC_TECH/adc_tech/adc_tech.gen/sources_1/bd/adc_tech/ip/adc_tech_util_ds_buf_0_2/adc_tech_util_ds_buf_0_2_ooc.xdc] for cell 'U0'
Parsing XDC File [c:/work/Technology/Vivado/MVT_ADC_TECH/adc_tech/adc_tech.gen/sources_1/bd/adc_tech/ip/adc_tech_util_ds_buf_0_2/adc_tech_util_ds_buf_0_2_board.xdc] for cell 'U0'
Finished Parsing XDC File [c:/work/Technology/Vivado/MVT_ADC_TECH/adc_tech/adc_tech.gen/sources_1/bd/adc_tech/ip/adc_tech_util_ds_buf_0_2/adc_tech_util_ds_buf_0_2_board.xdc] for cell 'U0'
Parsing XDC File [C:/work/Technology/Vivado/MVT_ADC_TECH/adc_tech/adc_tech.runs/adc_tech_util_ds_buf_0_2_synth_1/dont_touch.xdc]
Finished Parsing XDC File [C:/work/Technology/Vivado/MVT_ADC_TECH/adc_tech/adc_tech.runs/adc_tech_util_ds_buf_0_2_synth_1/dont_touch.xdc]
Completed Processing XDC Constraints

Netlist sorting complete. Time (s): cpu = 00:00:00 ; elapsed = 00:00:00 . Memory (MB): peak = 1752.605 ; gain = 0.000
INFO: [Project 1-111] Unisim Transformation Summary:
  A total of 1 instances were transformed.
  IBUFDS => IBUFDS (DIFFINBUF, IBUFCTRL): 1 instance 

Constraint Validation Runtime : Time (s): cpu = 00:00:00 ; elapsed = 00:00:00.034 . Memory (MB): peak = 1752.605 ; gain = 0.000
---------------------------------------------------------------------------------
Finished Constraint Validation : Time (s): cpu = 00:00:13 ; elapsed = 00:00:28 . Memory (MB): peak = 1752.605 ; gain = 227.484
---------------------------------------------------------------------------------
---------------------------------------------------------------------------------
Start Loading Part and Timing Information
---------------------------------------------------------------------------------
Loading part: xczu7ev-ffvc1156-2-e
INFO: [Synth 8-6742] Reading net delay rules and data
---------------------------------------------------------------------------------
Finished Loading Part and Timing Information : Time (s): cpu = 00:00:13 ; elapsed = 00:00:28 . Memory (MB): peak = 1752.605 ; gain = 227.484
---------------------------------------------------------------------------------
---------------------------------------------------------------------------------
Start Applying 'set_property' XDC Constraints
---------------------------------------------------------------------------------
Applied set_property KEEP_HIERARCHY = SOFT for U0. (constraint file  C:/work/Technology/Vivado/MVT_ADC_TECH/adc_tech/adc_tech.runs/adc_tech_util_ds_buf_0_2_synth_1/dont_touch.xdc, line 9).
---------------------------------------------------------------------------------
Finished applying 'set_property' XDC Constraints : Time (s): cpu = 00:00:13 ; elapsed = 00:00:28 . Memory (MB): peak = 1752.605 ; gain = 227.484
---------------------------------------------------------------------------------
---------------------------------------------------------------------------------
Finished RTL Optimization Phase 2 : Time (s): cpu = 00:00:13 ; elapsed = 00:00:28 . Memory (MB): peak = 1752.605 ; gain = 227.484
---------------------------------------------------------------------------------
---------------------------------------------------------------------------------
Start RTL Component Statistics 
---------------------------------------------------------------------------------
Detailed RTL Component Info : 
---------------------------------------------------------------------------------
Finished RTL Component Statistics 
---------------------------------------------------------------------------------
---------------------------------------------------------------------------------
Start Part Resource Summary
---------------------------------------------------------------------------------
Part Resources:
DSPs: 1728 (col length:144)
BRAMs: 624 (col length: RAMB18 144 RAMB36 72)
---------------------------------------------------------------------------------
Finished Part Resource Summary
---------------------------------------------------------------------------------
---------------------------------------------------------------------------------
Start Cross Boundary and Area Optimization
---------------------------------------------------------------------------------
---------------------------------------------------------------------------------
Finished Cross Boundary and Area Optimization : Time (s): cpu = 00:00:14 ; elapsed = 00:00:30 . Memory (MB): peak = 1752.605 ; gain = 227.484
---------------------------------------------------------------------------------
---------------------------------------------------------------------------------
Start Applying XDC Timing Constraints
---------------------------------------------------------------------------------
---------------------------------------------------------------------------------
Finished Applying XDC Timing Constraints : Time (s): cpu = 00:00:28 ; elapsed = 00:00:56 . Memory (MB): peak = 2342.938 ; gain = 817.816
---------------------------------------------------------------------------------
---------------------------------------------------------------------------------
Start Timing Optimization
---------------------------------------------------------------------------------
---------------------------------------------------------------------------------
Finished Timing Optimization : Time (s): cpu = 00:00:28 ; elapsed = 00:00:56 . Memory (MB): peak = 2342.938 ; gain = 817.816
---------------------------------------------------------------------------------
---------------------------------------------------------------------------------
Start Technology Mapping
---------------------------------------------------------------------------------
---------------------------------------------------------------------------------
Finished Technology Mapping : Time (s): cpu = 00:00:28 ; elapsed = 00:00:57 . Memory (MB): peak = 2362.055 ; gain = 836.934
---------------------------------------------------------------------------------
---------------------------------------------------------------------------------
Start IO Insertion
---------------------------------------------------------------------------------
---------------------------------------------------------------------------------
Start Flattening Before IO Insertion
---------------------------------------------------------------------------------
---------------------------------------------------------------------------------
Finished Flattening Before IO Insertion
---------------------------------------------------------------------------------
---------------------------------------------------------------------------------
Start Final Netlist Cleanup
---------------------------------------------------------------------------------
---------------------------------------------------------------------------------
Finished Final Netlist Cleanup
---------------------------------------------------------------------------------
---------------------------------------------------------------------------------
Finished IO Insertion : Time (s): cpu = 00:00:31 ; elapsed = 00:01:04 . Memory (MB): peak = 2366.797 ; gain = 841.676
---------------------------------------------------------------------------------
---------------------------------------------------------------------------------
Start Renaming Generated Instances
---------------------------------------------------------------------------------
---------------------------------------------------------------------------------
Finished Renaming Generated Instances : Time (s): cpu = 00:00:31 ; elapsed = 00:01:04 . Memory (MB): peak = 2366.797 ; gain = 841.676
---------------------------------------------------------------------------------
---------------------------------------------------------------------------------
Start Rebuilding User Hierarchy
---------------------------------------------------------------------------------
---------------------------------------------------------------------------------
Finished Rebuilding User Hierarchy : Time (s): cpu = 00:00:31 ; elapsed = 00:01:04 . Memory (MB): peak = 2366.797 ; gain = 841.676
---------------------------------------------------------------------------------
---------------------------------------------------------------------------------
Start Renaming Generated Ports
---------------------------------------------------------------------------------
---------------------------------------------------------------------------------
Finished Renaming Generated Ports : Time (s): cpu = 00:00:31 ; elapsed = 00:01:04 . Memory (MB): peak = 2366.797 ; gain = 841.676
---------------------------------------------------------------------------------
---------------------------------------------------------------------------------
Start Handling Custom Attributes
---------------------------------------------------------------------------------
---------------------------------------------------------------------------------
Finished Handling Custom Attributes : Time (s): cpu = 00:00:31 ; elapsed = 00:01:04 . Memory (MB): peak = 2366.797 ; gain = 841.676
---------------------------------------------------------------------------------
---------------------------------------------------------------------------------
Start Renaming Generated Nets
---------------------------------------------------------------------------------
---------------------------------------------------------------------------------
Finished Renaming Generated Nets : Time (s): cpu = 00:00:31 ; elapsed = 00:01:04 . Memory (MB): peak = 2366.797 ; gain = 841.676
---------------------------------------------------------------------------------
---------------------------------------------------------------------------------
Start Writing Synthesis Report
---------------------------------------------------------------------------------

Report BlackBoxes: 
+-+--------------+----------+
| |BlackBox name |Instances |
+-+--------------+----------+
+-+--------------+----------+

Report Cell Usage: 
+------+-------+------+
|      |Cell   |Count |
+------+-------+------+
|1     |IBUFDS |     1|
+------+-------+------+
---------------------------------------------------------------------------------
Finished Writing Synthesis Report : Time (s): cpu = 00:00:31 ; elapsed = 00:01:04 . Memory (MB): peak = 2366.797 ; gain = 841.676
---------------------------------------------------------------------------------
Synthesis finished with 0 errors, 0 critical warnings and 0 warnings.
Synthesis Optimization Runtime : Time (s): cpu = 00:00:23 ; elapsed = 00:00:54 . Memory (MB): peak = 2366.797 ; gain = 804.551
Synthesis Optimization Complete : Time (s): cpu = 00:00:31 ; elapsed = 00:01:04 . Memory (MB): peak = 2366.797 ; gain = 841.676
INFO: [Project 1-571] Translating synthesized netlist
Netlist sorting complete. Time (s): cpu = 00:00:00 ; elapsed = 00:00:00 . Memory (MB): peak = 2366.797 ; gain = 0.000
INFO: [Netlist 29-17] Analyzing 1 Unisim elements for replacement
INFO: [Netlist 29-28] Unisim Transformation completed in 0 CPU seconds
INFO: [Project 1-570] Preparing netlist for logic optimization
INFO: [Opt 31-138] Pushed 0 inverter(s) to 0 load pin(s).
Netlist sorting complete. Time (s): cpu = 00:00:00 ; elapsed = 00:00:00 . Memory (MB): peak = 2408.824 ; gain = 0.000
INFO: [Project 1-111] Unisim Transformation Summary:
  A total of 1 instances were transformed.
  IBUFDS => IBUFDS (DIFFINBUF, IBUFCTRL): 1 instance 

INFO: [Common 17-83] Releasing license: Synthesis
23 Infos, 0 Warnings, 0 Critical Warnings and 0 Errors encountered.
synth_design completed successfully
synth_design: Time (s): cpu = 00:00:38 ; elapsed = 00:01:38 . Memory (MB): peak = 2408.824 ; gain = 1382.172
INFO: [Common 17-1381] The checkpoint 'C:/work/Technology/Vivado/MVT_ADC_TECH/adc_tech/adc_tech.runs/adc_tech_util_ds_buf_0_2_synth_1/adc_tech_util_ds_buf_0_2.dcp' has been generated.
WARNING: [Common 17-576] 'use_project_ipc' is deprecated. This option is deprecated and no longer used.
INFO: [Coretcl 2-1648] Added synthesis output to IP cache for IP adc_tech_util_ds_buf_0_2, cache-ID = 74639521dc4696f9
INFO: [Common 17-1381] The checkpoint 'C:/work/Technology/Vivado/MVT_ADC_TECH/adc_tech/adc_tech.runs/adc_tech_util_ds_buf_0_2_synth_1/adc_tech_util_ds_buf_0_2.dcp' has been generated.
INFO: [runtcl-4] Executing : report_utilization -file adc_tech_util_ds_buf_0_2_utilization_synth.rpt -pb adc_tech_util_ds_buf_0_2_utilization_synth.pb
INFO: [Common 17-206] Exiting Vivado at Mon Sep 22 10:03:22 2025...
